[debug] [2021-05-02T14:15:02.127Z] ----------------------------------------------------------------------
[debug] [2021-05-02T14:15:02.129Z] Command:       C:\Program Files (x86)\nodejs\node.exe C:\Users\88017\AppData\Roaming\npm\node_modules\firebase-tools\lib\bin\firebase.js deploy
[debug] [2021-05-02T14:15:02.129Z] CLI Version:   9.10.0
[debug] [2021-05-02T14:15:02.129Z] Platform:      win32
[debug] [2021-05-02T14:15:02.129Z] Node Version:  v14.15.5
[debug] [2021-05-02T14:15:02.143Z] Time:          Sun May 02 2021 20:15:02 GMT+0600 (Bangladesh Standard Time)
[debug] [2021-05-02T14:15:02.143Z] ----------------------------------------------------------------------
[debug] 
[debug] [2021-05-02T14:15:02.177Z] > command requires scopes: ["email","openid","https://www.googleapis.com/auth/cloudplatformprojects.readonly","https://www.googleapis.com/auth/firebase","https://www.googleapis.com/auth/cloud-platform"]
[debug] [2021-05-02T14:15:02.177Z] > authorizing via signed-in user (ashikbhuiyan.swe@gmail.com)
[debug] [2021-05-02T14:15:02.177Z] [iam] checking project portfolio-70e38 for permissions ["firebase.projects.get","firebasehosting.sites.update"]
[debug] [2021-05-02T14:15:02.184Z] >>> HTTP REQUEST POST https://cloudresourcemanager.googleapis.com/v1/projects/portfolio-70e38:testIamPermissions  
 {"permissions":["firebase.projects.get","firebasehosting.sites.update"]}
[debug] [2021-05-02T14:15:03.779Z] <<< HTTP RESPONSE 200 {"content-type":"application/json; charset=UTF-8","vary":"X-Origin, Referer, Origin,Accept-Encoding","date":"Sun, 02 May 2021 14:15:03 GMT","server":"ESF","cache-control":"private","x-xss-protection":"0","x-frame-options":"SAMEORIGIN","x-content-type-options":"nosniff","server-timing":"gfet4t7; dur=1148","alt-svc":"h3-29=\":443\"; ma=2592000,h3-T051=\":443\"; ma=2592000,h3-Q050=\":443\"; ma=2592000,h3-Q046=\":443\"; ma=2592000,h3-Q043=\":443\"; ma=2592000,quic=\":443\"; ma=2592000; v=\"46,43\"","accept-ranges":"none","transfer-encoding":"chunked"}
[debug] [2021-05-02T14:15:03.782Z] > refreshing access token with scopes: []
[debug] [2021-05-02T14:15:03.782Z] >>> HTTP REQUEST POST https://www.googleapis.com/oauth2/v3/token  
 <request body omitted>
[debug] [2021-05-02T14:15:04.081Z] <<< HTTP RESPONSE 200 {"pragma":"no-cache","cache-control":"no-cache, no-store, max-age=0, must-revalidate","date":"Sun, 02 May 2021 14:15:03 GMT","expires":"Mon, 01 Jan 1990 00:00:00 GMT","content-type":"application/json; charset=utf-8","vary":"X-Origin, Referer, Origin,Accept-Encoding","server":"scaffolding on HTTPServer2","x-xss-protection":"0","x-frame-options":"SAMEORIGIN","x-content-type-options":"nosniff","alt-svc":"h3-29=\":443\"; ma=2592000,h3-T051=\":443\"; ma=2592000,h3-Q050=\":443\"; ma=2592000,h3-Q046=\":443\"; ma=2592000,h3-Q043=\":443\"; ma=2592000,quic=\":443\"; ma=2592000; v=\"46,43\"","accept-ranges":"none","transfer-encoding":"chunked"}
[debug] [2021-05-02T14:15:04.107Z] >>> [apiv2][query] GET https://firebase.googleapis.com/v1beta1/projects/portfolio-70e38 [none]
[debug] [2021-05-02T14:15:04.636Z] <<< [apiv2][status] GET https://firebase.googleapis.com/v1beta1/projects/portfolio-70e38 200
[debug] [2021-05-02T14:15:04.636Z] <<< [apiv2][body] GET https://firebase.googleapis.com/v1beta1/projects/portfolio-70e38 {"projectId":"portfolio-70e38","projectNumber":"824154959720","displayName":"portfolio","name":"projects/portfolio-70e38","resources":{"hostingSite":"portfolio-70e38"},"state":"ACTIVE"}
[info] 
[info] === Deploying to 'portfolio-70e38'...
[info] 
[info] i  deploying hosting 
[debug] [2021-05-02T14:15:04.643Z] > refreshing access token with scopes: ["email","https://www.googleapis.com/auth/cloud-platform","https://www.googleapis.com/auth/cloudplatformprojects.readonly","https://www.googleapis.com/auth/firebase","openid"]
[debug] [2021-05-02T14:15:04.643Z] >>> HTTP REQUEST POST https://www.googleapis.com/oauth2/v3/token  
 <request body omitted>
[debug] [2021-05-02T14:15:04.919Z] <<< HTTP RESPONSE 200 {"expires":"Mon, 01 Jan 1990 00:00:00 GMT","cache-control":"no-cache, no-store, max-age=0, must-revalidate","date":"Sun, 02 May 2021 14:15:04 GMT","pragma":"no-cache","content-type":"application/json; charset=utf-8","vary":"X-Origin, Referer, Origin,Accept-Encoding","server":"scaffolding on HTTPServer2","x-xss-protection":"0","x-frame-options":"SAMEORIGIN","x-content-type-options":"nosniff","alt-svc":"h3-29=\":443\"; ma=2592000,h3-T051=\":443\"; ma=2592000,h3-Q050=\":443\"; ma=2592000,h3-Q046=\":443\"; ma=2592000,h3-Q043=\":443\"; ma=2592000,quic=\":443\"; ma=2592000; v=\"46,43\"","accept-ranges":"none","transfer-encoding":"chunked"}
[debug] [2021-05-02T14:15:04.970Z] >>> HTTP REQUEST POST https://firebasehosting.googleapis.com/v1beta1/sites/portfolio-70e38/versions  
 {"config":{},"labels":{"deployment-tool":"cli-firebase"}}
[debug] [2021-05-02T14:15:06.982Z] <<< HTTP RESPONSE 200 {"content-type":"application/json; charset=UTF-8","vary":"X-Origin, Referer, Origin,Accept-Encoding","date":"Sun, 02 May 2021 14:15:06 GMT","server":"ESF","cache-control":"private","x-xss-protection":"0","x-frame-options":"SAMEORIGIN","x-content-type-options":"nosniff","alt-svc":"h3-29=\":443\"; ma=2592000,h3-T051=\":443\"; ma=2592000,h3-Q050=\":443\"; ma=2592000,h3-Q046=\":443\"; ma=2592000,h3-Q043=\":443\"; ma=2592000,quic=\":443\"; ma=2592000; v=\"46,43\"","accept-ranges":"none","transfer-encoding":"chunked"}
[info] i  hosting[portfolio-70e38]: beginning deploy... 
[info] i  hosting[portfolio-70e38]: found 29 files in build 
[debug] [2021-05-02T14:15:07.580Z] > refreshing access token with scopes: []
[debug] [2021-05-02T14:15:07.580Z] >>> HTTP REQUEST POST https://www.googleapis.com/oauth2/v3/token  
 <request body omitted>
[debug] [2021-05-02T14:15:07.595Z] [hosting] hash cache [YnVpbGQ] stored for 29 files
[debug] [2021-05-02T14:15:07.595Z] [hosting][hash queue][FINAL] {"max":548,"min":6,"avg":75.27586206896552,"active":0,"complete":29,"success":29,"errored":0,"retried":0,"total":29,"elapsed":574}
[debug] [2021-05-02T14:15:07.844Z] <<< HTTP RESPONSE 200 {"expires":"Mon, 01 Jan 1990 00:00:00 GMT","date":"Sun, 02 May 2021 14:15:07 GMT","pragma":"no-cache","cache-control":"no-cache, no-store, max-age=0, must-revalidate","content-type":"application/json; charset=utf-8","vary":"X-Origin, Referer, Origin,Accept-Encoding","server":"scaffolding on HTTPServer2","x-xss-protection":"0","x-frame-options":"SAMEORIGIN","x-content-type-options":"nosniff","alt-svc":"h3-29=\":443\"; ma=2592000,h3-T051=\":443\"; ma=2592000,h3-Q050=\":443\"; ma=2592000,h3-Q046=\":443\"; ma=2592000,h3-Q043=\":443\"; ma=2592000,quic=\":443\"; ma=2592000; v=\"46,43\"","accept-ranges":"none","transfer-encoding":"chunked"}
[debug] [2021-05-02T14:15:07.864Z] >>> [apiv2][query] POST https://firebasehosting.googleapis.com/v1beta1/sites/portfolio-70e38/versions/2f623f22b74db00b:populateFiles [none]
[debug] [2021-05-02T14:15:07.864Z] >>> [apiv2][body] POST https://firebasehosting.googleapis.com/v1beta1/sites/portfolio-70e38/versions/2f623f22b74db00b:populateFiles {"files":{"/favicon.ico":"eae62e993eb980ec8a25058c39d5a51feab118bd2100c4deebb2a9c158ec11f9","/logo192.png":"3ee59515172ee198f3be375979df15ac5345183e656720a381b8872b2a39dc8b","/logo512.png":"ee7e2f3fdb8209c4b6fd7bef6ba50d1b9dba30a25bb5c3126df057e1cb6f5331","/manifest.json":"5c997de1364b8be939319fa9209abd77f2caf7f8844999a9e2e9173f844e7840","/robots.txt":"b2090cf9761ef60aa06e4fab97679bd43dfa5e5df073701ead5879d7c68f1ec5","/index.html":"c3b17f85deb7b63fd39157392585c7670819fa21797dc2a5eaef7e9f9aa477aa","/asset-manifest.json":"1e4b2bbb1c983584882f701ba3c965090c25d80f83701745ab0fd78b05000ef9","/static/css/2.ae9e5f60.chunk.css":"a4d743895a02c10cf31b2340845f4cf2d29ac4cc74988a600c2681fde5eb54f8","/static/css/main.f8d3dd8d.chunk.css":"7bd0a62fec7e3b098b2cf6a191608bceb8a72b48557005dda00b0b9228bb4ba4","/static/css/2.ae9e5f60.chunk.css.map":"d402f3515973fe642dd33271c5ec1d4aa7377a767b3e08bd2c76806adfe9f94b","/static/js/2.f53bb37a.chunk.js.LICENSE.txt":"97c3b93553a681ec3073d190ce2793a32cdc5b774ae47aa6da03b3ea13a85b36","/static/css/main.f8d3dd8d.chunk.css.map":"4f0d50974176bc2552928ec301bfafade131d0f926fee9e943d4e4d32b6171e3","/static/js/3.c0f96903.chunk.js":"40819600e8b9ceaa14e15105a3cc51600c211e6a90483c505e206083607cf273","/static/js/3.c0f96903.chunk.js.map":"653c4fe017e94e33fcddebc5ac4b4ae983583709c268e1855e7589c9f219a669","/static/js/main.3a9e46bf.chunk.js":"74e945e27ad02867db4ee4645ca4b1b04062455385e9eb90d5ac23068a99be44","/static/js/runtime-main.776fdb46.js":"9a969412f8f0a83a392f5d0e84b880d1239ae5d43c49bcedca6f29dd51f8a722","/static/js/runtime-main.776fdb46.js.map":"8f080177a55e2f34fe6d30e1d25a17d95eac38c32eb8f86ba2c30fb9a76cc01a","/static/js/main.3a9e46bf.chunk.js.map":"39e3708a49ed3102c78fb59abedbd47995e5b457f14ecd6086cbbcec9dfbae36","/static/media/persona.911010c0.png":"daf3db0770f1275e757b80729caeb3e464935bd88afa89e3c1ea1dbf2b1bc5df","/static/media/ajkerbazzar.8d16859e.jpg":"8511a4654ba29e727712a7a961d4a492ffe0e69fe4785ea799a9df99e2bce202","/static/js/2.f53bb37a.chunk.js":"632349b49128a03e2a0acd23508a6aa2d875e13969eb0e168bac22c69f24623e","/static/media/bg.8a4344ad.jpg":"608f0ed9fafd14bd0cd4ac6de798eb3bcb6468525a3a9685ba220a656fb31c11","/static/media/blog.09977803.jpg":"01626c70b00269679b879dd4339341a071a08faae53bb9e6adbc504b164b18f0","/static/media/Photography.fb04b4cc.png":"043ed641cb79558663e8f254e9fdb999699896a4c0bca23730a84d3a65a4ad88","/static/media/riaz.2b0baab6.jpg":"eeb3ebbb76aff3206d72ec48603d2d2e7a9025ec001e4c826163c7a6f0ca2a5f","/static/media/my-bg.11fa4438.png":"b895f9ae293598cf0bae50c8cfd7850079739def15e6b2daaba8dd2de861ba7a","/static/js/2.f53bb37a.chunk.js.map":"8708c528f28b139b4bcb305834f7669956317139c8b9d5a8930d9e5bbc79d135","/static/media/pexels-hugo-butery-7272375.7123a6f3.mp4":"e44c1ec1c39588506de29f98d3d04539b8bd1939adeb75aa691d78c8d304c81e","/static/media/pexels-pavel-danilyuk-5495898.652d0c9a.mp4":"aade5ccab75be0f2f52c3b1ed3dba248e95f7d44097df2386868ce9c28b03f5b"}}
[debug] [2021-05-02T14:15:09.546Z] <<< [apiv2][status] POST https://firebasehosting.googleapis.com/v1beta1/sites/portfolio-70e38/versions/2f623f22b74db00b:populateFiles 200
[debug] [2021-05-02T14:15:09.546Z] <<< [apiv2][body] POST https://firebasehosting.googleapis.com/v1beta1/sites/portfolio-70e38/versions/2f623f22b74db00b:populateFiles {"uploadRequiredHashes":["1e4b2bbb1c983584882f701ba3c965090c25d80f83701745ab0fd78b05000ef9","39e3708a49ed3102c78fb59abedbd47995e5b457f14ecd6086cbbcec9dfbae36","74e945e27ad02867db4ee4645ca4b1b04062455385e9eb90d5ac23068a99be44","c3b17f85deb7b63fd39157392585c7670819fa21797dc2a5eaef7e9f9aa477aa"],"uploadUrl":"https://upload-firebasehosting.googleapis.com/upload/sites/portfolio-70e38/versions/2f623f22b74db00b/files"}
[debug] [2021-05-02T14:15:09.547Z] >>> [apiv2][query] POST https://upload-firebasehosting.googleapis.com/upload/sites/portfolio-70e38/versions/2f623f22b74db00b/files/1e4b2bbb1c983584882f701ba3c965090c25d80f83701745ab0fd78b05000ef9 [none]
[debug] [2021-05-02T14:15:09.547Z] >>> [apiv2][body] POST https://upload-firebasehosting.googleapis.com/upload/sites/portfolio-70e38/versions/2f623f22b74db00b/files/1e4b2bbb1c983584882f701ba3c965090c25d80f83701745ab0fd78b05000ef9 [stream]
[debug] [2021-05-02T14:15:09.548Z] >>> [apiv2][query] POST https://upload-firebasehosting.googleapis.com/upload/sites/portfolio-70e38/versions/2f623f22b74db00b/files/39e3708a49ed3102c78fb59abedbd47995e5b457f14ecd6086cbbcec9dfbae36 [none]
[debug] [2021-05-02T14:15:09.548Z] >>> [apiv2][body] POST https://upload-firebasehosting.googleapis.com/upload/sites/portfolio-70e38/versions/2f623f22b74db00b/files/39e3708a49ed3102c78fb59abedbd47995e5b457f14ecd6086cbbcec9dfbae36 [stream]
[debug] [2021-05-02T14:15:09.549Z] >>> [apiv2][query] POST https://upload-firebasehosting.googleapis.com/upload/sites/portfolio-70e38/versions/2f623f22b74db00b/files/74e945e27ad02867db4ee4645ca4b1b04062455385e9eb90d5ac23068a99be44 [none]
[debug] [2021-05-02T14:15:09.549Z] >>> [apiv2][body] POST https://upload-firebasehosting.googleapis.com/upload/sites/portfolio-70e38/versions/2f623f22b74db00b/files/74e945e27ad02867db4ee4645ca4b1b04062455385e9eb90d5ac23068a99be44 [stream]
[debug] [2021-05-02T14:15:09.550Z] >>> [apiv2][query] POST https://upload-firebasehosting.googleapis.com/upload/sites/portfolio-70e38/versions/2f623f22b74db00b/files/c3b17f85deb7b63fd39157392585c7670819fa21797dc2a5eaef7e9f9aa477aa [none]
[debug] [2021-05-02T14:15:09.550Z] >>> [apiv2][body] POST https://upload-firebasehosting.googleapis.com/upload/sites/portfolio-70e38/versions/2f623f22b74db00b/files/c3b17f85deb7b63fd39157392585c7670819fa21797dc2a5eaef7e9f9aa477aa [stream]
[debug] [2021-05-02T14:15:09.551Z] [hosting][populate queue][FINAL] {"max":1968,"min":1968,"avg":1968,"active":0,"complete":1,"success":1,"errored":0,"retried":0,"total":1,"elapsed":1972}
[debug] [2021-05-02T14:15:09.551Z] [hosting] uploads queued: 4
[debug] [2021-05-02T14:15:12.424Z] <<< [apiv2][status] POST https://upload-firebasehosting.googleapis.com/upload/sites/portfolio-70e38/versions/2f623f22b74db00b/files/c3b17f85deb7b63fd39157392585c7670819fa21797dc2a5eaef7e9f9aa477aa 200
[debug] [2021-05-02T14:15:12.424Z] <<< [apiv2][body] POST https://upload-firebasehosting.googleapis.com/upload/sites/portfolio-70e38/versions/2f623f22b74db00b/files/c3b17f85deb7b63fd39157392585c7670819fa21797dc2a5eaef7e9f9aa477aa [stream]
[debug] [2021-05-02T14:15:12.435Z] <<< [apiv2][status] POST https://upload-firebasehosting.googleapis.com/upload/sites/portfolio-70e38/versions/2f623f22b74db00b/files/1e4b2bbb1c983584882f701ba3c965090c25d80f83701745ab0fd78b05000ef9 200
[debug] [2021-05-02T14:15:12.435Z] <<< [apiv2][body] POST https://upload-firebasehosting.googleapis.com/upload/sites/portfolio-70e38/versions/2f623f22b74db00b/files/1e4b2bbb1c983584882f701ba3c965090c25d80f83701745ab0fd78b05000ef9 [stream]
